@!@!@STARTMSG 2262:0 @!@!@
TLC2 Version 2.20 of Day Month 20?? (rev: 96d6a1a)
@!@!@ENDMSG 2262 @!@!@
@!@!@STARTMSG 2187:0 @!@!@
Running breadth-first search Model-Checking with fp 14 and seed -7501706963014540763 with 1 worker on 8 cores with 7264MB heap and 64MB offheap memory [pid: 14708] (Windows 10 10.0 amd64, Microsoft 21.0.6 x86_64, MSBDiskFPSet, DiskStateQueue).
@!@!@ENDMSG 2187 @!@!@
@!@!@STARTMSG 2220:0 @!@!@
Starting SANY...
@!@!@ENDMSG 2220 @!@!@
Parsing file C:\Users\gludwig\Projects\tla-intro\12_BC.tla (file:/c:/Users/gludwig/Projects/tla-intro/12_BC.tla)
Parsing file C:\Users\gludwig\AppData\Local\Temp\tlc-10989453376613930065\Naturals.tla (jar:file:/C:/Users/gludwig/.vscode/extensions/tlaplus.vscode-ide-2025.6.170401/tools/tla2tools.jar!/tla2sany/StandardModules/Naturals.tla)
Parsing file C:\Users\gludwig\AppData\Local\Temp\tlc-10989453376613930065\Sequences.tla (jar:file:/C:/Users/gludwig/.vscode/extensions/tlaplus.vscode-ide-2025.6.170401/tools/tla2tools.jar!/tla2sany/StandardModules/Sequences.tla)
Parsing file C:\Users\gludwig\AppData\Local\Temp\tlc-10989453376613930065\FiniteSets.tla (jar:file:/C:/Users/gludwig/.vscode/extensions/tlaplus.vscode-ide-2025.6.170401/tools/tla2tools.jar!/tla2sany/StandardModules/FiniteSets.tla)
Semantic processing of module Naturals
Semantic processing of module Sequences
Semantic processing of module FiniteSets
Semantic processing of module 12_BC
@!@!@STARTMSG 2219:0 @!@!@
SANY finished.
@!@!@ENDMSG 2219 @!@!@
@!@!@STARTMSG 2185:0 @!@!@
Starting... (2025-06-18 10:24:45)
@!@!@ENDMSG 2185 @!@!@
@!@!@STARTMSG 2189:0 @!@!@
Computing initial states...
@!@!@ENDMSG 2189 @!@!@
@!@!@STARTMSG 2190:0 @!@!@
Finished computing initial states: 1 distinct state generated at 2025-06-18 10:24:45.
@!@!@ENDMSG 2190 @!@!@
@!@!@STARTMSG 2193:0 @!@!@
Model checking completed. No error has been found.
  Estimates of the probability that TLC did not check all reachable states
  because two distinct states had the same fingerprint:
  calculated (optimistic):  val = 1.2E-15
@!@!@ENDMSG 2193 @!@!@
@!@!@STARTMSG 2201:0 @!@!@
The coverage statistics at 2025-06-18 10:24:45 (see https://explain.tlapl.us/module-coverage-statistics for how to interpret the following statistics).
@!@!@ENDMSG 2201 @!@!@
@!@!@STARTMSG 2779:0 @!@!@
<buffer line 16, col 11 to line 16, col 16 of module 12_BC>: 11
@!@!@ENDMSG 2779 @!@!@
@!@!@STARTMSG 2779:0 @!@!@
<waitSet line 16, col 19 to line 16, col 25 of module 12_BC>: 12
@!@!@ENDMSG 2779 @!@!@
@!@!@STARTMSG 2773:0 @!@!@
<Init line 58, col 1 to line 58, col 4 of module 12_BC>: 1:1
@!@!@ENDMSG 2773 @!@!@
@!@!@STARTMSG 2221:0 @!@!@
  line 58, col 9 to line 59, col 23 of module 12_BC: 1
@!@!@ENDMSG 2221 @!@!@
@!@!@STARTMSG 2772:0 @!@!@
<Next line 62, col 1 to line 62, col 4 of module 12_BC>: 100:313
@!@!@ENDMSG 2772 @!@!@
@!@!@STARTMSG 2221:0 @!@!@
  line 62, col 40 to line 62, col 54 of module 12_BC: 421
@!@!@ENDMSG 2221 @!@!@
@!@!@STARTMSG 2221:0 @!@!@
  |line 62, col 40 to line 62, col 40 of module 12_BC: 259
@!@!@ENDMSG 2221 @!@!@
@!@!@STARTMSG 2221:0 @!@!@
  |line 62, col 46 to line 62, col 54 of module 12_BC: 259
@!@!@ENDMSG 2221 @!@!@
@!@!@STARTMSG 2221:0 @!@!@
  line 42, col 10 to line 42, col 34 of module 12_BC: 54
@!@!@ENDMSG 2221 @!@!@
@!@!@STARTMSG 2221:0 @!@!@
  |line 42, col 10 to line 42, col 20 of module 12_BC: 162
@!@!@ENDMSG 2221 @!@!@
@!@!@STARTMSG 2221:0 @!@!@
  |line 42, col 24 to line 42, col 34 of module 12_BC: 162
@!@!@ENDMSG 2221 @!@!@
@!@!@STARTMSG 2221:0 @!@!@
  line 43, col 10 to line 43, col 36 of module 12_BC: 54
@!@!@ENDMSG 2221 @!@!@
@!@!@STARTMSG 2221:0 @!@!@
  line 30, col 12 to line 30, col 18 of module 12_BC: 54
@!@!@ENDMSG 2221 @!@!@
@!@!@STARTMSG 2221:0 @!@!@
  line 31, col 16 to line 32, col 44 of module 12_BC: 9
@!@!@ENDMSG 2221 @!@!@
@!@!@STARTMSG 2221:0 @!@!@
  line 34, col 13 to line 34, col 29 of module 12_BC: 45
@!@!@ENDMSG 2221 @!@!@
@!@!@STARTMSG 2221:0 @!@!@
  line 44, col 23 to line 44, col 23 of module 12_BC: 54
@!@!@ENDMSG 2221 @!@!@
@!@!@STARTMSG 2221:0 @!@!@
  line 45, col 10 to line 45, col 34 of module 12_BC: 270
@!@!@ENDMSG 2221 @!@!@
@!@!@STARTMSG 2221:0 @!@!@
  |line 45, col 10 to line 45, col 20 of module 12_BC: 162
@!@!@ENDMSG 2221 @!@!@
@!@!@STARTMSG 2221:0 @!@!@
  |line 45, col 24 to line 45, col 34 of module 12_BC: 162
@!@!@ENDMSG 2221 @!@!@
@!@!@STARTMSG 2221:0 @!@!@
  line 36, col 15 to line 36, col 41 of module 12_BC: 108
@!@!@ENDMSG 2221 @!@!@
@!@!@STARTMSG 2221:0 @!@!@
  |line 36, col 26 to line 36, col 41 of module 12_BC: 108
@!@!@ENDMSG 2221 @!@!@
@!@!@STARTMSG 2221:0 @!@!@
  ||line 36, col 26 to line 36, col 32 of module 12_BC: 108
@!@!@ENDMSG 2221 @!@!@
@!@!@STARTMSG 2775:0 @!@!@
  ||line 36, col 39 to line 36, col 41 of module 12_BC: 108:216
@!@!@ENDMSG 2775 @!@!@
@!@!@STARTMSG 2221:0 @!@!@
  |||line 36, col 40 to line 36, col 40 of module 12_BC: 108
@!@!@ENDMSG 2221 @!@!@
@!@!@STARTMSG 2221:0 @!@!@
  line 37, col 15 to line 37, col 34 of module 12_BC: 108
@!@!@ENDMSG 2221 @!@!@
@!@!@STARTMSG 2221:0 @!@!@
  line 46, col 15 to line 46, col 15 of module 12_BC: 108
@!@!@ENDMSG 2221 @!@!@
@!@!@STARTMSG 2221:0 @!@!@
  line 63, col 44 to line 63, col 44 of module 12_BC: 162
@!@!@ENDMSG 2221 @!@!@
@!@!@STARTMSG 2221:0 @!@!@
  line 63, col 47 to line 63, col 47 of module 12_BC: 54
@!@!@ENDMSG 2221 @!@!@
@!@!@STARTMSG 2221:0 @!@!@
  line 64, col 40 to line 64, col 54 of module 12_BC: 356
@!@!@ENDMSG 2221 @!@!@
@!@!@STARTMSG 2221:0 @!@!@
  |line 64, col 40 to line 64, col 40 of module 12_BC: 259
@!@!@ENDMSG 2221 @!@!@
@!@!@STARTMSG 2221:0 @!@!@
  |line 64, col 46 to line 64, col 54 of module 12_BC: 259
@!@!@ENDMSG 2221 @!@!@
@!@!@STARTMSG 2221:0 @!@!@
  line 49, col 10 to line 49, col 22 of module 12_BC: 190
@!@!@ENDMSG 2221 @!@!@
@!@!@STARTMSG 2221:0 @!@!@
  |line 49, col 10 to line 49, col 15 of module 12_BC: 97
@!@!@ENDMSG 2221 @!@!@
@!@!@STARTMSG 2221:0 @!@!@
  |line 49, col 19 to line 49, col 22 of module 12_BC: 97
@!@!@ENDMSG 2221 @!@!@
@!@!@STARTMSG 2221:0 @!@!@
  line 50, col 10 to line 50, col 31 of module 12_BC: 93
@!@!@ENDMSG 2221 @!@!@
@!@!@STARTMSG 2221:0 @!@!@
  line 30, col 12 to line 30, col 18 of module 12_BC: 93
@!@!@ENDMSG 2221 @!@!@
@!@!@STARTMSG 2221:0 @!@!@
  line 32, col 21 to line 32, col 44 of module 12_BC: 135
@!@!@ENDMSG 2221 @!@!@
@!@!@STARTMSG 2221:0 @!@!@
  line 31, col 25 to line 31, col 25 of module 12_BC: 81
@!@!@ENDMSG 2221 @!@!@
@!@!@STARTMSG 2221:0 @!@!@
  line 34, col 13 to line 34, col 29 of module 12_BC: 12
@!@!@ENDMSG 2221 @!@!@
@!@!@STARTMSG 2221:0 @!@!@
  line 51, col 23 to line 51, col 23 of module 12_BC: 93
@!@!@ENDMSG 2221 @!@!@
@!@!@STARTMSG 2221:0 @!@!@
  line 52, col 10 to line 52, col 22 of module 12_BC: 101
@!@!@ENDMSG 2221 @!@!@
@!@!@STARTMSG 2221:0 @!@!@
  |line 52, col 10 to line 52, col 15 of module 12_BC: 97
@!@!@ENDMSG 2221 @!@!@
@!@!@STARTMSG 2221:0 @!@!@
  |line 52, col 19 to line 52, col 22 of module 12_BC: 97
@!@!@ENDMSG 2221 @!@!@
@!@!@STARTMSG 2221:0 @!@!@
  line 36, col 15 to line 36, col 41 of module 12_BC: 4
@!@!@ENDMSG 2221 @!@!@
@!@!@STARTMSG 2221:0 @!@!@
  |line 36, col 26 to line 36, col 41 of module 12_BC: 4
@!@!@ENDMSG 2221 @!@!@
@!@!@STARTMSG 2221:0 @!@!@
  ||line 36, col 26 to line 36, col 32 of module 12_BC: 4
@!@!@ENDMSG 2221 @!@!@
@!@!@STARTMSG 2775:0 @!@!@
  ||line 36, col 39 to line 36, col 41 of module 12_BC: 4:12
@!@!@ENDMSG 2775 @!@!@
@!@!@STARTMSG 2221:0 @!@!@
  |||line 36, col 40 to line 36, col 40 of module 12_BC: 4
@!@!@ENDMSG 2221 @!@!@
@!@!@STARTMSG 2221:0 @!@!@
  line 37, col 15 to line 37, col 34 of module 12_BC: 4
@!@!@ENDMSG 2221 @!@!@
@!@!@STARTMSG 2221:0 @!@!@
  line 53, col 15 to line 53, col 15 of module 12_BC: 4
@!@!@ENDMSG 2221 @!@!@
@!@!@STARTMSG 2221:0 @!@!@
  line 65, col 44 to line 65, col 44 of module 12_BC: 97
@!@!@ENDMSG 2221 @!@!@
@!@!@STARTMSG 2221:0 @!@!@
  line 62, col 18 to line 62, col 31 of module 12_BC: 101
@!@!@ENDMSG 2221 @!@!@
@!@!@STARTMSG 2774:0 @!@!@
<NoDeadlock line 69, col 1 to line 69, col 10 of module 12_BC>
@!@!@ENDMSG 2774 @!@!@
@!@!@STARTMSG 2221:0 @!@!@
  line 70, col 5 to line 70, col 41 of module 12_BC: 101
@!@!@ENDMSG 2221 @!@!@
@!@!@STARTMSG 2202:0 @!@!@
End of statistics.
@!@!@ENDMSG 2202 @!@!@
@!@!@STARTMSG 2200:0 @!@!@
Progress(9) at 2025-06-18 10:24:45: 314 states generated (23.201 s/min), 101 distinct states found (7.463 ds/min), 0 states left on queue.
@!@!@ENDMSG 2200 @!@!@
@!@!@STARTMSG 2199:0 @!@!@
314 states generated, 101 distinct states found, 0 states left on queue.
@!@!@ENDMSG 2199 @!@!@
@!@!@STARTMSG 2194:0 @!@!@
The depth of the complete state graph search is 9.
@!@!@ENDMSG 2194 @!@!@
@!@!@STARTMSG 2268:0 @!@!@
The average outdegree of the complete state graph is 1 (minimum is 0, the maximum 4 and the 95th percentile is 3).
@!@!@ENDMSG 2268 @!@!@
@!@!@STARTMSG 2186:0 @!@!@
Finished in 817ms at (2025-06-18 10:24:45)
@!@!@ENDMSG 2186 @!@!@
